<?xml version="1.0" encoding="UTF-8"?>
<!-- Generated by org.testng.reporters.JUnitReportReporter -->
<testsuite hostname="DESKTOP-HN28R98" failures="0" tests="3" name="rahulshettyacademy.Tests.SubmitOrder" time="52.282" errors="0" timestamp="2025-03-11T10:27:49 IST" skipped="0">
  <testcase classname="rahulshettyacademy.Tests.SubmitOrder" name="OrderHistoryTest" time="13.331"/>
  <testcase classname="rahulshettyacademy.Tests.SubmitOrder" name="submitOrder" time="12.054"/>
  <testcase classname="rahulshettyacademy.Tests.SubmitOrder" name="submitOrder" time="26.897"/>
</testsuite> <!-- rahulshettyacademy.Tests.SubmitOrder -->
