<?xml version="1.0" encoding="UTF-8"?>
<!-- Generated by org.testng.reporters.JUnitReportReporter -->
<testsuite hostname="DESKTOP-HN28R98" failures="0" tests="2" name="rahulshettyacademy.Tests.SubmitOrderTest" time="28.881" errors="0" timestamp="2025-05-01T22:05:10 IST" skipped="0">
  <testcase classname="rahulshettyacademy.Tests.SubmitOrderTest" name="submitOrder" time="12.596"/>
  <testcase classname="rahulshettyacademy.Tests.SubmitOrderTest" name="submitOrder" time="16.285"/>
</testsuite> <!-- rahulshettyacademy.Tests.SubmitOrderTest -->
